<?xml version="1.0" encoding="UTF-8"?>
<testsuites name="Casino" time="244.718" tests="1" failures="1" errors="0">
   <testsuite name="Casino" tests="1" failures="1" errors="0" time="244.718" skipped="0" timestamp="02-03-2024T15:49:46" hostname="M Gokul Jayanth - LAPTOP-QCN9K3GM" id="Test Suites/Casino">
      <properties>
         <property name="deviceName" value=""/>
         <property name="devicePlatform" value=""/>
         <property name="logFolder" value="C:\\Users\\M Gokul Jayanth\\git\\KatalonAutomation\\HaboomWBT\\Reports\\20240302_154944\\Casino\\20240302_154944"/>
         <property name="logFiles" value="C:\\Users\\M Gokul Jayanth\\git\\KatalonAutomation\\HaboomWBT\\Reports\\20240302_154944\\Casino\\20240302_154944\\execution0.log"/>
         <property name="attachments" value=""/>
         <property name="hostName" value="M Gokul Jayanth - LAPTOP-QCN9K3GM"/>
         <property name="os" value="Windows 11 64bit"/>
         <property name="katalonVersion" value="9.3.0.212"/>
         <property name="browser" value="Chrome 122.0.0.0"/>
         <property name="hostAddress" value="192.168.50.151"/>
         <property name="sessionId" value="5ce8ea91aff19f74f42604cc1558ff96"/>
         <property name="seleniumVersion" value="3.141.59"/>
         <property name="proxyInformation" value="ProxyInformation { proxyOption=NO_PROXY, proxyServerType=HTTP, username=, password=********, proxyServerAddress=, proxyServerPort=0, executionList=&quot;&quot;, isApplyToDesiredCapabilities=true }"/>
         <property name="platform" value="Windows 11"/>
      </properties>
      <testcase name="Test Cases/Casino/Open game successful" time="244.583" classname="Test Cases/Casino/Open game successful" status="FAILED">
         <failure type="FAILED" message="Test Cases/Casino/Open game successful FAILED.&#xa;Reason:&#xa;com.kms.katalon.core.exception.StepFailedException: Unable to switch to window with index: '1'&#xa;	at com.kms.katalon.core.webui.keyword.internal.WebUIKeywordMain.stepFailed(WebUIKeywordMain.groovy:64)&#xa;	at com.kms.katalon.core.webui.keyword.internal.WebUIKeywordMain.runKeyword(WebUIKeywordMain.groovy:26)&#xa;	at com.kms.katalon.core.webui.keyword.builtin.SwitchToWindowIndexKeyword.switchToWindowIndex(SwitchToWindowIndexKeyword.groovy:85)&#xa;	at com.kms.katalon.core.webui.keyword.builtin.SwitchToWindowIndexKeyword.execute(SwitchToWindowIndexKeyword.groovy:67)&#xa;	at com.kms.katalon.core.keyword.internal.KeywordExecutor.executeKeywordForPlatform(KeywordExecutor.groovy:74)&#xa;	at com.kms.katalon.core.webui.keyword.WebUiBuiltInKeywords.switchToWindowIndex(WebUiBuiltInKeywords.groovy:1930)&#xa;	at Open game successful.run(Open game successful:89)&#xa;	at com.kms.katalon.core.main.ScriptEngine.run(ScriptEngine.java:194)&#xa;	at com.kms.katalon.core.main.ScriptEngine.runScriptAsRawText(ScriptEngine.java:119)&#xa;	at com.kms.katalon.core.main.TestCaseExecutor.runScript(TestCaseExecutor.java:448)&#xa;	at com.kms.katalon.core.main.TestCaseExecutor.doExecute(TestCaseExecutor.java:439)&#xa;	at com.kms.katalon.core.main.TestCaseExecutor.processExecutionPhase(TestCaseExecutor.java:418)&#xa;	at com.kms.katalon.core.main.TestCaseExecutor.accessMainPhase(TestCaseExecutor.java:410)&#xa;	at com.kms.katalon.core.main.TestCaseExecutor.execute(TestCaseExecutor.java:285)&#xa;	at com.kms.katalon.core.common.CommonExecutor.accessTestCaseMainPhase(CommonExecutor.java:65)&#xa;	at com.kms.katalon.core.main.TestSuiteExecutor.accessTestSuiteMainPhase(TestSuiteExecutor.java:148)&#xa;	at com.kms.katalon.core.main.TestSuiteExecutor.execute(TestSuiteExecutor.java:106)&#xa;	at com.kms.katalon.core.main.TestCaseMain.startTestSuite(TestCaseMain.java:180)&#xa;	at TempTestSuite1709374784367.run(TempTestSuite1709374784367.groovy:36)&#xa;	at java.base/jdk.internal.reflect.NativeMethodAccessorImpl.invoke0(Native Method)&#xa;	at java.base/jdk.internal.reflect.NativeMethodAccessorImpl.invoke(NativeMethodAccessorImpl.java:77)&#xa;	at java.base/jdk.internal.reflect.DelegatingMethodAccessorImpl.invoke(DelegatingMethodAccessorImpl.java:43)&#xa;Caused by: org.openqa.selenium.WebDriverException: disconnected: not connected to DevTools&#xa;  (failed to check if window was closed: disconnected: not connected to DevTools)&#xa;  (Session info: chrome=122.0.6261.95)&#xa;Build info: version: '3.141.59', revision: 'e82be7d358', time: '2018-11-14T08:25:53'&#xa;System info: host: 'LAPTOP-QCN9K3GM', ip: '192.168.50.151', os.name: 'Windows 11', os.arch: 'amd64', os.version: '10.0', java.version: '17.0.7'&#xa;Driver info: com.kms.katalon.selenium.driver.CChromeDriver&#xa;Capabilities {acceptInsecureCerts: false, browserName: chrome, browserVersion: 122.0.6261.95, chrome: {chromedriverVersion: 121.0.6167.85 (3f98d690ad7e..., userDataDir: C:\Users\MGOKUL~1\AppData\L...}, fedcm:accounts: true, goog:chromeOptions: {debuggerAddress: localhost:50896}, javascriptEnabled: true, networkConnectionEnabled: false, pageLoadStrategy: normal, platform: WINDOWS, platformName: WINDOWS, proxy: Proxy(), setWindowRect: true, strictFileInteractability: false, timeouts: {implicit: 0, pageLoad: 300000, script: 30000}, unhandledPromptBehavior: dismiss and notify, webauthn:extension:credBlob: true, webauthn:extension:largeBlob: true, webauthn:extension:minPinLength: true, webauthn:extension:prf: true, webauthn:virtualAuthenticators: true}&#xa;Session ID: 5ce8ea91aff19f74f42604cc1558ff96&#xa;	at java.base/jdk.internal.reflect.NativeConstructorAccessorImpl.newInstance0(Native Method)&#xa;	at java.base/jdk.internal.reflect.NativeConstructorAccessorImpl.newInstance(NativeConstructorAccessorImpl.java:77)&#xa;	at java.base/jdk.internal.reflect.DelegatingConstructorAccessorImpl.newInstance(DelegatingConstructorAccessorImpl.java:45)&#xa;	at org.openqa.selenium.remote.http.W3CHttpResponseCodec.createException(W3CHttpResponseCodec.java:187)&#xa;	at org.openqa.selenium.remote.http.W3CHttpResponseCodec.decode(W3CHttpResponseCodec.java:122)&#xa;	at org.openqa.selenium.remote.http.W3CHttpResponseCodec.decode(W3CHttpResponseCodec.java:49)&#xa;	at org.openqa.selenium.remote.HttpCommandExecutor.execute(HttpCommandExecutor.java:158)&#xa;	at org.openqa.selenium.remote.service.DriverCommandExecutor.execute(DriverCommandExecutor.java:83)&#xa;	at org.openqa.selenium.remote.RemoteWebDriver.execute(RemoteWebDriver.java:552)&#xa;	at com.kms.katalon.selenium.driver.CChromeDriver.execute(CChromeDriver.java:19)&#xa;	at org.openqa.selenium.remote.RemoteWebDriver.execute(RemoteWebDriver.java:609)&#xa;	at org.openqa.selenium.remote.RemoteWebDriver.getWindowHandles(RemoteWebDriver.java:460)&#xa;	at jdk.internal.reflect.GeneratedMethodAccessor9.invoke(Unknown Source)&#xa;	at java.base/jdk.internal.reflect.DelegatingMethodAccessorImpl.invoke(DelegatingMethodAccessorImpl.java:43)&#xa;	at org.openqa.selenium.support.events.EventFiringWebDriver.lambda$new$1(EventFiringWebDriver.java:105)&#xa;	at jdk.proxy2/jdk.proxy2.$Proxy23.getWindowHandles(Unknown Source)&#xa;	at org.openqa.selenium.support.events.EventFiringWebDriver.getWindowHandles(EventFiringWebDriver.java:216)&#xa;	at com.kms.katalon.core.webui.common.WebUiCommonHelper.switchToWindowUsingIndex(WebUiCommonHelper.java:174)&#xa;	at com.kms.katalon.core.webui.keyword.builtin.SwitchToWindowIndexKeyword$_switchToWindowIndex_closure1.doCall(SwitchToWindowIndexKeyword.groovy:79)&#xa;	at com.kms.katalon.core.webui.keyword.builtin.SwitchToWindowIndexKeyword$_switchToWindowIndex_closure1.call(SwitchToWindowIndexKeyword.groovy)&#xa;	at com.kms.katalon.core.webui.keyword.internal.WebUIKeywordMain.runKeyword(WebUIKeywordMain.groovy:20)&#xa;	... 20 more&#xa;"/>
         <system-out><![CDATA[02-03-2024T15:49:46 - [TEST_CASE][FAILED] - Test Cases/Casino/Open game successful: Test Cases/Casino/Open game successful FAILED.
Reason:
com.kms.katalon.core.exception.StepFailedException: Unable to switch to window with index: '1'
	at com.kms.katalon.core.webui.keyword.internal.WebUIKeywordMain.stepFailed(WebUIKeywordMain.groovy:64)
	at com.kms.katalon.core.webui.keyword.internal.WebUIKeywordMain.runKeyword(WebUIKeywordMain.groovy:26)
	at com.kms.katalon.core.webui.keyword.builtin.SwitchToWindowIndexKeyword.switchToWindowIndex(SwitchToWindowIndexKeyword.groovy:85)
	at com.kms.katalon.core.webui.keyword.builtin.SwitchToWindowIndexKeyword.execute(SwitchToWindowIndexKeyword.groovy:67)
	at com.kms.katalon.core.keyword.internal.KeywordExecutor.executeKeywordForPlatform(KeywordExecutor.groovy:74)
	at com.kms.katalon.core.webui.keyword.WebUiBuiltInKeywords.switchToWindowIndex(WebUiBuiltInKeywords.groovy:1930)
	at Open game successful.run(Open game successful:89)
	at com.kms.katalon.core.main.ScriptEngine.run(ScriptEngine.java:194)
	at com.kms.katalon.core.main.ScriptEngine.runScriptAsRawText(ScriptEngine.java:119)
	at com.kms.katalon.core.main.TestCaseExecutor.runScript(TestCaseExecutor.java:448)
	at com.kms.katalon.core.main.TestCaseExecutor.doExecute(TestCaseExecutor.java:439)
	at com.kms.katalon.core.main.TestCaseExecutor.processExecutionPhase(TestCaseExecutor.java:418)
	at com.kms.katalon.core.main.TestCaseExecutor.accessMainPhase(TestCaseExecutor.java:410)
	at com.kms.katalon.core.main.TestCaseExecutor.execute(TestCaseExecutor.java:285)
	at com.kms.katalon.core.common.CommonExecutor.accessTestCaseMainPhase(CommonExecutor.java:65)
	at com.kms.katalon.core.main.TestSuiteExecutor.accessTestSuiteMainPhase(TestSuiteExecutor.java:148)
	at com.kms.katalon.core.main.TestSuiteExecutor.execute(TestSuiteExecutor.java:106)
	at com.kms.katalon.core.main.TestCaseMain.startTestSuite(TestCaseMain.java:180)
	at TempTestSuite1709374784367.run(TempTestSuite1709374784367.groovy:36)
	at java.base/jdk.internal.reflect.NativeMethodAccessorImpl.invoke0(Native Method)
	at java.base/jdk.internal.reflect.NativeMethodAccessorImpl.invoke(NativeMethodAccessorImpl.java:77)
	at java.base/jdk.internal.reflect.DelegatingMethodAccessorImpl.invoke(DelegatingMethodAccessorImpl.java:43)
Caused by: org.openqa.selenium.WebDriverException: disconnected: not connected to DevTools
  (failed to check if window was closed: disconnected: not connected to DevTools)
  (Session info: chrome=122.0.6261.95)
Build info: version: '3.141.59', revision: 'e82be7d358', time: '2018-11-14T08:25:53'
System info: host: 'LAPTOP-QCN9K3GM', ip: '192.168.50.151', os.name: 'Windows 11', os.arch: 'amd64', os.version: '10.0', java.version: '17.0.7'
Driver info: com.kms.katalon.selenium.driver.CChromeDriver
Capabilities {acceptInsecureCerts: false, browserName: chrome, browserVersion: 122.0.6261.95, chrome: {chromedriverVersion: 121.0.6167.85 (3f98d690ad7e..., userDataDir: C:\Users\MGOKUL~1\AppData\L...}, fedcm:accounts: true, goog:chromeOptions: {debuggerAddress: localhost:50896}, javascriptEnabled: true, networkConnectionEnabled: false, pageLoadStrategy: normal, platform: WINDOWS, platformName: WINDOWS, proxy: Proxy(), setWindowRect: true, strictFileInteractability: false, timeouts: {implicit: 0, pageLoad: 300000, script: 30000}, unhandledPromptBehavior: dismiss and notify, webauthn:extension:credBlob: true, webauthn:extension:largeBlob: true, webauthn:extension:minPinLength: true, webauthn:extension:prf: true, webauthn:virtualAuthenticators: true}
Session ID: 5ce8ea91aff19f74f42604cc1558ff96
	at java.base/jdk.internal.reflect.NativeConstructorAccessorImpl.newInstance0(Native Method)
	at java.base/jdk.internal.reflect.NativeConstructorAccessorImpl.newInstance(NativeConstructorAccessorImpl.java:77)
	at java.base/jdk.internal.reflect.DelegatingConstructorAccessorImpl.newInstance(DelegatingConstructorAccessorImpl.java:45)
	at org.openqa.selenium.remote.http.W3CHttpResponseCodec.createException(W3CHttpResponseCodec.java:187)
	at org.openqa.selenium.remote.http.W3CHttpResponseCodec.decode(W3CHttpResponseCodec.java:122)
	at org.openqa.selenium.remote.http.W3CHttpResponseCodec.decode(W3CHttpResponseCodec.java:49)
	at org.openqa.selenium.remote.HttpCommandExecutor.execute(HttpCommandExecutor.java:158)
	at org.openqa.selenium.remote.service.DriverCommandExecutor.execute(DriverCommandExecutor.java:83)
	at org.openqa.selenium.remote.RemoteWebDriver.execute(RemoteWebDriver.java:552)
	at com.kms.katalon.selenium.driver.CChromeDriver.execute(CChromeDriver.java:19)
	at org.openqa.selenium.remote.RemoteWebDriver.execute(RemoteWebDriver.java:609)
	at org.openqa.selenium.remote.RemoteWebDriver.getWindowHandles(RemoteWebDriver.java:460)
	at jdk.internal.reflect.GeneratedMethodAccessor9.invoke(Unknown Source)
	at java.base/jdk.internal.reflect.DelegatingMethodAccessorImpl.invoke(DelegatingMethodAccessorImpl.java:43)
	at org.openqa.selenium.support.events.EventFiringWebDriver.lambda$new$1(EventFiringWebDriver.java:105)
	at jdk.proxy2/jdk.proxy2.$Proxy23.getWindowHandles(Unknown Source)
	at org.openqa.selenium.support.events.EventFiringWebDriver.getWindowHandles(EventFiringWebDriver.java:216)
	at com.kms.katalon.core.webui.common.WebUiCommonHelper.switchToWindowUsingIndex(WebUiCommonHelper.java:174)
	at com.kms.katalon.core.webui.keyword.builtin.SwitchToWindowIndexKeyword$_switchToWindowIndex_closure1.doCall(SwitchToWindowIndexKeyword.groovy:79)
	at com.kms.katalon.core.webui.keyword.builtin.SwitchToWindowIndexKeyword$_switchToWindowIndex_closure1.call(SwitchToWindowIndexKeyword.groovy)
	at com.kms.katalon.core.webui.keyword.internal.WebUIKeywordMain.runKeyword(WebUIKeywordMain.groovy:20)
	... 20 more


02-03-2024T15:49:46 - [TEST_STEP][PASSED] - Start setup action : setupTestCase: Method 'setupTestCase' complete successfully

02-03-2024T15:49:46 - [TEST_STEP][PASSED] - openBrowser(""): Browser is opened with url: ''

02-03-2024T15:49:47 - [MESSAGE][INFO] - Starting 'Chrome' driver

02-03-2024T15:49:47 - [MESSAGE][INFO] - Action delay is set to 0 milliseconds

02-03-2024T15:49:48 - [MESSAGE][PASSED] - Browser is opened with url: ''

02-03-2024T15:49:48 - [TEST_STEP][PASSED] - navigateToUrl("https://haboom.com/"): Navigate to 'https://haboom.com/' successfully

02-03-2024T15:49:57 - [MESSAGE][PASSED] - Navigate to 'https://haboom.com/' successfully

02-03-2024T15:49:57 - [TEST_STEP][PASSED] - maximizeWindow(): Current window maximized

02-03-2024T15:49:57 - [MESSAGE][PASSED] - Current window maximized

02-03-2024T15:49:57 - [TEST_STEP][PASSED] - navigateToUrl(url): Navigate to 'https://haboom.com' successfully

02-03-2024T15:49:58 - [MESSAGE][PASSED] - Navigate to 'https://haboom.com' successfully

02-03-2024T15:49:58 - [TEST_STEP][PASSED] - maximizeWindow(): Current window maximized

02-03-2024T15:49:58 - [MESSAGE][PASSED] - Current window maximized

02-03-2024T15:49:58 - [TEST_STEP][PASSED] - setText(findTestObject("Object Repository/Login Page/Login email field"), username): Text 'MartinGarrix' is set on object 'Object Repository/Login Page/Login email field'

02-03-2024T15:50:02 - [MESSAGE][PASSED] - Text 'MartinGarrix' is set on object 'Object Repository/Login Page/Login email field'

02-03-2024T15:50:02 - [TEST_STEP][PASSED] - setText(findTestObject("Object Repository/Login Page/Login Password"), password): Text 'Test@1234' is set on object 'Object Repository/Login Page/Login Password'

02-03-2024T15:50:05 - [MESSAGE][PASSED] - Text 'Test@1234' is set on object 'Object Repository/Login Page/Login Password'

02-03-2024T15:50:05 - [TEST_STEP][PASSED] - click(findTestObject("Object Repository/Login Page/login button")): Object: 'Object Repository/Login Page/login button' is clicked on

02-03-2024T15:50:06 - [MESSAGE][PASSED] - Object: 'Object Repository/Login Page/login button' is clicked on

02-03-2024T15:50:06 - [MESSAGE][PASSED] - Method 'setupTestCase' complete successfully

02-03-2024T15:50:07 - [TEST_STEP][PASSED] - click(findTestObject("Object Repository/Casino Page/CasinoMenu")): Object: 'Object Repository/Casino Page/CasinoMenu' is clicked on

02-03-2024T15:50:14 - [MESSAGE][PASSED] - Object: 'Object Repository/Casino Page/CasinoMenu' is clicked on

02-03-2024T15:50:14 - [TEST_STEP][PASSED] - provider = getWebDriver().findElements(By.xpath("//input[@name='provider_list']")): null

02-03-2024T15:50:15 - [TEST_STEP][PASSED] - println(provider.size()): null

02-03-2024T15:50:15 - [TEST_STEP][PASSED] - for ([i = 1, i < provider.size(), (i++)]): null

02-03-2024T15:50:15 - [TEST_STEP][PASSED] - currentElement = provider.get(i): null

02-03-2024T15:50:15 - [TEST_STEP][PASSED] - currentElement.click(): null

02-03-2024T15:50:15 - [TEST_STEP][PASSED] - delay(30): Delayed 30 second(s)

02-03-2024T15:50:45 - [MESSAGE][PASSED] - Delayed 30 second(s)

02-03-2024T15:50:45 - [TEST_STEP][PASSED] - scrollToPosition(0, 250): Browser is scrolled to position x = 0, y = 250

02-03-2024T15:50:45 - [MESSAGE][PASSED] - Browser is scrolled to position x = 0, y = 250

02-03-2024T15:50:45 - [TEST_STEP][PASSED] - delay(5): Delayed 5 second(s)

02-03-2024T15:50:50 - [MESSAGE][PASSED] - Delayed 5 second(s)

02-03-2024T15:50:50 - [TEST_STEP][PASSED] - scrollToPosition(0, 500): Browser is scrolled to position x = 0, y = 500

02-03-2024T15:50:50 - [MESSAGE][PASSED] - Browser is scrolled to position x = 0, y = 500

02-03-2024T15:50:50 - [TEST_STEP][PASSED] - delay(5): Delayed 5 second(s)

02-03-2024T15:50:55 - [MESSAGE][PASSED] - Delayed 5 second(s)

02-03-2024T15:50:55 - [TEST_STEP][PASSED] - scrollToPosition(0, 750): Browser is scrolled to position x = 0, y = 750

02-03-2024T15:50:55 - [MESSAGE][PASSED] - Browser is scrolled to position x = 0, y = 750

02-03-2024T15:50:55 - [TEST_STEP][PASSED] - delay(5): Delayed 5 second(s)

02-03-2024T15:51:00 - [MESSAGE][PASSED] - Delayed 5 second(s)

02-03-2024T15:51:00 - [TEST_STEP][PASSED] - scrollToPosition(0, 1000): Browser is scrolled to position x = 0, y = 1000

02-03-2024T15:51:00 - [MESSAGE][PASSED] - Browser is scrolled to position x = 0, y = 1000

02-03-2024T15:51:00 - [TEST_STEP][PASSED] - delay(5): Delayed 5 second(s)

02-03-2024T15:51:05 - [MESSAGE][PASSED] - Delayed 5 second(s)

02-03-2024T15:51:05 - [TEST_STEP][PASSED] - scrollToPosition(0, 1250): Browser is scrolled to position x = 0, y = 1250

02-03-2024T15:51:05 - [MESSAGE][PASSED] - Browser is scrolled to position x = 0, y = 1250

02-03-2024T15:51:05 - [TEST_STEP][PASSED] - delay(5): Delayed 5 second(s)

02-03-2024T15:51:10 - [MESSAGE][PASSED] - Delayed 5 second(s)

02-03-2024T15:51:10 - [TEST_STEP][PASSED] - scrollToPosition(0, 1500): Browser is scrolled to position x = 0, y = 1500

02-03-2024T15:51:10 - [MESSAGE][PASSED] - Browser is scrolled to position x = 0, y = 1500

02-03-2024T15:51:10 - [TEST_STEP][PASSED] - delay(5): Delayed 5 second(s)

02-03-2024T15:51:15 - [MESSAGE][PASSED] - Delayed 5 second(s)

02-03-2024T15:51:15 - [TEST_STEP][PASSED] - scrollToPosition(0, 1750): Browser is scrolled to position x = 0, y = 1750

02-03-2024T15:51:15 - [MESSAGE][PASSED] - Browser is scrolled to position x = 0, y = 1750

02-03-2024T15:51:15 - [TEST_STEP][PASSED] - delay(5): Delayed 5 second(s)

02-03-2024T15:51:20 - [MESSAGE][PASSED] - Delayed 5 second(s)

02-03-2024T15:51:20 - [TEST_STEP][PASSED] - scrollToPosition(0, 2000): Browser is scrolled to position x = 0, y = 2000

02-03-2024T15:51:20 - [MESSAGE][PASSED] - Browser is scrolled to position x = 0, y = 2000

02-03-2024T15:51:20 - [TEST_STEP][PASSED] - delay(5): Delayed 5 second(s)

02-03-2024T15:51:25 - [MESSAGE][PASSED] - Delayed 5 second(s)

02-03-2024T15:51:25 - [TEST_STEP][PASSED] - providerwindow = getWindowTitle(): Current window's title is: 'Haboom - Best Online Casino Games for Real Money'

02-03-2024T15:51:25 - [MESSAGE][PASSED] - Current window's title is: 'Haboom - Best Online Casino Games for Real Money'

02-03-2024T15:51:25 - [TEST_STEP][PASSED] - allgames = getWebDriver().findElements(By.xpath("//div[@class='tile-container' and @bis_skin_checked='1']")): null

02-03-2024T15:51:25 - [TEST_STEP][PASSED] - println(allgames.size()): null

02-03-2024T15:51:25 - [TEST_STEP][PASSED] - for ([j = 71, j < allgames.size(), (j++)]): null

02-03-2024T15:51:25 - [TEST_STEP][PASSED] - println(j): null

02-03-2024T15:51:25 - [TEST_STEP][PASSED] - playgame = allgames.get(j): null

02-03-2024T15:51:25 - [TEST_STEP][PASSED] - Object = convertWebElementToTestObject(playgame): null

02-03-2024T15:51:25 - [TEST_STEP][PASSED] - scrollToElement(Object, 10): Scroll to object '' successfully

02-03-2024T15:51:25 - [MESSAGE][PASSED] - Scroll to object '' successfully

02-03-2024T15:51:25 - [TEST_STEP][PASSED] - mouseOver(Object): Object: '' is hovered

02-03-2024T15:51:25 - [MESSAGE][PASSED] - Object: '' is hovered

02-03-2024T15:51:25 - [TEST_STEP][PASSED] - if (verifyElementClickable(Object)): null

02-03-2024T15:51:25 - [MESSAGE][PASSED] - Object '' is clickable

02-03-2024T15:51:25 - [TEST_STEP][PASSED] - playgame.click(): null

02-03-2024T15:51:25 - [TEST_STEP][PASSED] - delay(5): Delayed 5 second(s)

02-03-2024T15:51:30 - [MESSAGE][PASSED] - Delayed 5 second(s)

02-03-2024T15:51:30 - [TEST_STEP][PASSED] - switchToWindowIndex(1): Switched to window with index: '1'

02-03-2024T15:51:30 - [MESSAGE][PASSED] - Switched to window with index: '1'

02-03-2024T15:51:30 - [TEST_STEP][PASSED] - title = getUrl(): Current window's url is: 'https://play.livetables.io/blackjack/?table_id=225&game_id=1&identifier=10437004a7d6d50b-3019-4f1e-bf55-95924cd68107&limit_id=&language=en&operatorId=10437004'

02-03-2024T15:51:30 - [MESSAGE][PASSED] - Current window's url is: 'https://play.livetables.io/blackjack/?table_id=225&game_id=1&identifier=10437004a7d6d50b-3019-4f1e-bf55-95924cd68107&limit_id=&language=en&operatorId=10437004'

02-03-2024T15:51:30 - [TEST_STEP][PASSED] - println(title): null

02-03-2024T15:51:30 - [TEST_STEP][PASSED] - if (title.contains("notavailable")): null

02-03-2024T15:51:30 - [TEST_STEP][PASSED] - switchToWindowIndex(1): Switched to window with index: '1'

02-03-2024T15:51:30 - [MESSAGE][PASSED] - Switched to window with index: '1'

02-03-2024T15:51:30 - [TEST_STEP][PASSED] - closeWindowIndex(1): Window with index 1 is closed

02-03-2024T15:51:31 - [MESSAGE][PASSED] - Window with index 1 is closed

02-03-2024T15:51:31 - [TEST_STEP][PASSED] - switchToWindowIndex(0): Switched to window with index: '0'

02-03-2024T15:51:31 - [MESSAGE][PASSED] - Switched to window with index: '0'

02-03-2024T15:51:31 - [TEST_STEP][PASSED] - delay(2): Delayed 2 second(s)

02-03-2024T15:51:33 - [MESSAGE][PASSED] - Delayed 2 second(s)

02-03-2024T15:51:33 - [TEST_STEP][PASSED] - println(j): null

02-03-2024T15:51:33 - [TEST_STEP][PASSED] - playgame = allgames.get(j): null

02-03-2024T15:51:33 - [TEST_STEP][PASSED] - Object = convertWebElementToTestObject(playgame): null

02-03-2024T15:51:33 - [TEST_STEP][PASSED] - scrollToElement(Object, 10): Scroll to object '' successfully

02-03-2024T15:51:33 - [MESSAGE][PASSED] - Scroll to object '' successfully

02-03-2024T15:51:33 - [TEST_STEP][PASSED] - mouseOver(Object): Object: '' is hovered

02-03-2024T15:51:33 - [MESSAGE][PASSED] - Object: '' is hovered

02-03-2024T15:51:33 - [TEST_STEP][PASSED] - if (verifyElementClickable(Object)): null

02-03-2024T15:51:33 - [MESSAGE][PASSED] - Object '' is clickable

02-03-2024T15:51:33 - [TEST_STEP][PASSED] - playgame.click(): null

02-03-2024T15:51:33 - [TEST_STEP][PASSED] - delay(5): Delayed 5 second(s)

02-03-2024T15:51:38 - [MESSAGE][PASSED] - Delayed 5 second(s)

02-03-2024T15:51:38 - [TEST_STEP][PASSED] - switchToWindowIndex(1): Switched to window with index: '1'

02-03-2024T15:51:38 - [MESSAGE][PASSED] - Switched to window with index: '1'

02-03-2024T15:51:38 - [TEST_STEP][PASSED] - title = getUrl(): Current window's url is: 'https://play.livetables.io/blackjack/?table_id=224&game_id=1&identifier=10437004e6fcd31c-4ea9-4277-bb09-9dc31f26a44f&limit_id=&language=en&operatorId=10437004'

02-03-2024T15:51:38 - [MESSAGE][PASSED] - Current window's url is: 'https://play.livetables.io/blackjack/?table_id=224&game_id=1&identifier=10437004e6fcd31c-4ea9-4277-bb09-9dc31f26a44f&limit_id=&language=en&operatorId=10437004'

02-03-2024T15:51:38 - [TEST_STEP][PASSED] - println(title): null

02-03-2024T15:51:38 - [TEST_STEP][PASSED] - if (title.contains("notavailable")): null

02-03-2024T15:51:38 - [TEST_STEP][PASSED] - switchToWindowIndex(1): Switched to window with index: '1'

02-03-2024T15:51:38 - [MESSAGE][PASSED] - Switched to window with index: '1'

02-03-2024T15:51:38 - [TEST_STEP][PASSED] - closeWindowIndex(1): Window with index 1 is closed

02-03-2024T15:51:38 - [MESSAGE][PASSED] - Window with index 1 is closed

02-03-2024T15:51:38 - [TEST_STEP][PASSED] - switchToWindowIndex(0): Switched to window with index: '0'

02-03-2024T15:51:38 - [MESSAGE][PASSED] - Switched to window with index: '0'

02-03-2024T15:51:38 - [TEST_STEP][PASSED] - delay(2): Delayed 2 second(s)

02-03-2024T15:51:40 - [MESSAGE][PASSED] - Delayed 2 second(s)

02-03-2024T15:51:40 - [TEST_STEP][PASSED] - println(j): null

02-03-2024T15:51:40 - [TEST_STEP][PASSED] - playgame = allgames.get(j): null

02-03-2024T15:51:40 - [TEST_STEP][PASSED] - Object = convertWebElementToTestObject(playgame): null

02-03-2024T15:51:40 - [TEST_STEP][PASSED] - scrollToElement(Object, 10): Scroll to object '' successfully

02-03-2024T15:51:40 - [MESSAGE][PASSED] - Scroll to object '' successfully

02-03-2024T15:51:40 - [TEST_STEP][PASSED] - mouseOver(Object): Object: '' is hovered

02-03-2024T15:51:40 - [MESSAGE][PASSED] - Object: '' is hovered

02-03-2024T15:51:40 - [TEST_STEP][PASSED] - if (verifyElementClickable(Object)): null

02-03-2024T15:51:40 - [MESSAGE][PASSED] - Object '' is clickable

02-03-2024T15:51:40 - [TEST_STEP][PASSED] - playgame.click(): null

02-03-2024T15:51:40 - [TEST_STEP][PASSED] - delay(5): Delayed 5 second(s)

02-03-2024T15:51:45 - [MESSAGE][PASSED] - Delayed 5 second(s)

02-03-2024T15:51:45 - [TEST_STEP][PASSED] - switchToWindowIndex(1): Switched to window with index: '1'

02-03-2024T15:51:45 - [MESSAGE][PASSED] - Switched to window with index: '1'

02-03-2024T15:51:45 - [TEST_STEP][PASSED] - title = getUrl(): Current window's url is: 'https://ezugi.evo-games.com/frontend/evo/r2/#provider=evolution&ua_launch_id=17b8eb6ac06fee891d451086&game=roulette&table_id=01rb77cq1gtenhmo&app='

02-03-2024T15:51:45 - [MESSAGE][PASSED] - Current window's url is: 'https://ezugi.evo-games.com/frontend/evo/r2/#provider=evolution&ua_launch_id=17b8eb6ac06fee891d451086&game=roulette&table_id=01rb77cq1gtenhmo&app='

02-03-2024T15:51:45 - [TEST_STEP][PASSED] - println(title): null

02-03-2024T15:51:45 - [TEST_STEP][PASSED] - if (title.contains("notavailable")): null

02-03-2024T15:51:45 - [TEST_STEP][PASSED] - switchToWindowIndex(1): Switched to window with index: '1'

02-03-2024T15:51:45 - [MESSAGE][PASSED] - Switched to window with index: '1'

02-03-2024T15:51:45 - [TEST_STEP][PASSED] - closeWindowIndex(1): Window with index 1 is closed

02-03-2024T15:51:45 - [MESSAGE][PASSED] - Window with index 1 is closed

02-03-2024T15:51:45 - [TEST_STEP][PASSED] - switchToWindowIndex(0): Switched to window with index: '0'

02-03-2024T15:51:45 - [MESSAGE][PASSED] - Switched to window with index: '0'

02-03-2024T15:51:45 - [TEST_STEP][PASSED] - delay(2): Delayed 2 second(s)

02-03-2024T15:51:47 - [MESSAGE][PASSED] - Delayed 2 second(s)

02-03-2024T15:51:47 - [TEST_STEP][PASSED] - scrollToPosition(0, 1000): Browser is scrolled to position x = 0, y = 1000

02-03-2024T15:51:47 - [MESSAGE][PASSED] - Browser is scrolled to position x = 0, y = 1000

02-03-2024T15:51:47 - [TEST_STEP][PASSED] - delay(5): Delayed 5 second(s)

02-03-2024T15:51:52 - [MESSAGE][PASSED] - Delayed 5 second(s)

02-03-2024T15:51:52 - [TEST_STEP][PASSED] - scrollToPosition(0, 750): Browser is scrolled to position x = 0, y = 750

02-03-2024T15:51:52 - [MESSAGE][PASSED] - Browser is scrolled to position x = 0, y = 750

02-03-2024T15:51:52 - [TEST_STEP][PASSED] - delay(5): Delayed 5 second(s)

02-03-2024T15:51:57 - [MESSAGE][PASSED] - Delayed 5 second(s)

02-03-2024T15:51:57 - [TEST_STEP][PASSED] - scrollToPosition(0, 500): Browser is scrolled to position x = 0, y = 500

02-03-2024T15:51:57 - [MESSAGE][PASSED] - Browser is scrolled to position x = 0, y = 500

02-03-2024T15:51:57 - [TEST_STEP][PASSED] - delay(5): Delayed 5 second(s)

02-03-2024T15:52:02 - [MESSAGE][PASSED] - Delayed 5 second(s)

02-03-2024T15:52:02 - [TEST_STEP][PASSED] - scrollToPosition(0, 250): Browser is scrolled to position x = 0, y = 250

02-03-2024T15:52:02 - [MESSAGE][PASSED] - Browser is scrolled to position x = 0, y = 250

02-03-2024T15:52:02 - [TEST_STEP][PASSED] - delay(5): Delayed 5 second(s)

02-03-2024T15:52:07 - [MESSAGE][PASSED] - Delayed 5 second(s)

02-03-2024T15:52:07 - [TEST_STEP][PASSED] - scrollToPosition(0, 50): Browser is scrolled to position x = 0, y = 50

02-03-2024T15:52:07 - [MESSAGE][PASSED] - Browser is scrolled to position x = 0, y = 50

02-03-2024T15:52:07 - [TEST_STEP][PASSED] - delay(5): Delayed 5 second(s)

02-03-2024T15:52:12 - [MESSAGE][PASSED] - Delayed 5 second(s)

02-03-2024T15:52:12 - [TEST_STEP][PASSED] - currentElement = provider.get(i): null

02-03-2024T15:52:12 - [TEST_STEP][PASSED] - currentElement.click(): null

02-03-2024T15:52:12 - [TEST_STEP][PASSED] - delay(30): Delayed 30 second(s)

02-03-2024T15:52:42 - [MESSAGE][PASSED] - Delayed 30 second(s)

02-03-2024T15:52:42 - [TEST_STEP][PASSED] - scrollToPosition(0, 250): Browser is scrolled to position x = 0, y = 250

02-03-2024T15:52:43 - [MESSAGE][PASSED] - Browser is scrolled to position x = 0, y = 250

02-03-2024T15:52:43 - [TEST_STEP][PASSED] - delay(5): Delayed 5 second(s)

02-03-2024T15:52:48 - [MESSAGE][PASSED] - Delayed 5 second(s)

02-03-2024T15:52:48 - [TEST_STEP][PASSED] - scrollToPosition(0, 500): Browser is scrolled to position x = 0, y = 500

02-03-2024T15:52:48 - [MESSAGE][PASSED] - Browser is scrolled to position x = 0, y = 500

02-03-2024T15:52:48 - [TEST_STEP][PASSED] - delay(5): Delayed 5 second(s)

02-03-2024T15:52:53 - [MESSAGE][PASSED] - Delayed 5 second(s)

02-03-2024T15:52:53 - [TEST_STEP][PASSED] - scrollToPosition(0, 750): Browser is scrolled to position x = 0, y = 750

02-03-2024T15:52:53 - [MESSAGE][PASSED] - Browser is scrolled to position x = 0, y = 750

02-03-2024T15:52:53 - [TEST_STEP][PASSED] - delay(5): Delayed 5 second(s)

02-03-2024T15:52:58 - [MESSAGE][PASSED] - Delayed 5 second(s)

02-03-2024T15:52:58 - [TEST_STEP][PASSED] - scrollToPosition(0, 1000): Browser is scrolled to position x = 0, y = 1000

02-03-2024T15:52:58 - [MESSAGE][PASSED] - Browser is scrolled to position x = 0, y = 1000

02-03-2024T15:52:58 - [TEST_STEP][PASSED] - delay(5): Delayed 5 second(s)

02-03-2024T15:53:03 - [MESSAGE][PASSED] - Delayed 5 second(s)

02-03-2024T15:53:03 - [TEST_STEP][PASSED] - scrollToPosition(0, 1250): Browser is scrolled to position x = 0, y = 1250

02-03-2024T15:53:03 - [MESSAGE][PASSED] - Browser is scrolled to position x = 0, y = 1250

02-03-2024T15:53:03 - [TEST_STEP][PASSED] - delay(5): Delayed 5 second(s)

02-03-2024T15:53:08 - [MESSAGE][PASSED] - Delayed 5 second(s)

02-03-2024T15:53:08 - [TEST_STEP][PASSED] - scrollToPosition(0, 1500): Browser is scrolled to position x = 0, y = 1500

02-03-2024T15:53:08 - [MESSAGE][PASSED] - Browser is scrolled to position x = 0, y = 1500

02-03-2024T15:53:08 - [TEST_STEP][PASSED] - delay(5): Delayed 5 second(s)

02-03-2024T15:53:13 - [MESSAGE][PASSED] - Delayed 5 second(s)

02-03-2024T15:53:13 - [TEST_STEP][PASSED] - scrollToPosition(0, 1750): Browser is scrolled to position x = 0, y = 1750

02-03-2024T15:53:13 - [MESSAGE][PASSED] - Browser is scrolled to position x = 0, y = 1750

02-03-2024T15:53:13 - [TEST_STEP][PASSED] - delay(5): Delayed 5 second(s)

02-03-2024T15:53:18 - [MESSAGE][PASSED] - Delayed 5 second(s)

02-03-2024T15:53:18 - [TEST_STEP][PASSED] - scrollToPosition(0, 2000): Browser is scrolled to position x = 0, y = 2000

02-03-2024T15:53:18 - [MESSAGE][PASSED] - Browser is scrolled to position x = 0, y = 2000

02-03-2024T15:53:18 - [TEST_STEP][PASSED] - delay(5): Delayed 5 second(s)

02-03-2024T15:53:23 - [MESSAGE][PASSED] - Delayed 5 second(s)

02-03-2024T15:53:23 - [TEST_STEP][PASSED] - providerwindow = getWindowTitle(): Current window's title is: 'Haboom - Best Online Casino Games for Real Money'

02-03-2024T15:53:23 - [MESSAGE][PASSED] - Current window's title is: 'Haboom - Best Online Casino Games for Real Money'

02-03-2024T15:53:23 - [TEST_STEP][PASSED] - allgames = getWebDriver().findElements(By.xpath("//div[@class='tile-container' and @bis_skin_checked='1']")): null

02-03-2024T15:53:23 - [TEST_STEP][PASSED] - println(allgames.size()): null

02-03-2024T15:53:23 - [TEST_STEP][PASSED] - for ([j = 71, j < allgames.size(), (j++)]): null

02-03-2024T15:53:23 - [TEST_STEP][PASSED] - println(j): null

02-03-2024T15:53:23 - [TEST_STEP][PASSED] - playgame = allgames.get(j): null

02-03-2024T15:53:23 - [TEST_STEP][PASSED] - Object = convertWebElementToTestObject(playgame): null

02-03-2024T15:53:23 - [TEST_STEP][PASSED] - scrollToElement(Object, 10): Scroll to object '' successfully

02-03-2024T15:53:23 - [MESSAGE][PASSED] - Scroll to object '' successfully

02-03-2024T15:53:23 - [TEST_STEP][PASSED] - mouseOver(Object): Object: '' is hovered

02-03-2024T15:53:23 - [MESSAGE][PASSED] - Object: '' is hovered

02-03-2024T15:53:23 - [TEST_STEP][PASSED] - if (verifyElementClickable(Object)): null

02-03-2024T15:53:23 - [MESSAGE][PASSED] - Object '' is clickable

02-03-2024T15:53:23 - [TEST_STEP][PASSED] - playgame.click(): null

02-03-2024T15:53:23 - [TEST_STEP][PASSED] - delay(5): Delayed 5 second(s)

02-03-2024T15:53:28 - [MESSAGE][PASSED] - Delayed 5 second(s)

02-03-2024T15:53:28 - [TEST_STEP][PASSED] - switchToWindowIndex(1): Switched to window with index: '1'

02-03-2024T15:53:28 - [MESSAGE][PASSED] - Switched to window with index: '1'

02-03-2024T15:53:28 - [TEST_STEP][PASSED] - title = getUrl(): Current window's url is: 'https://ezugi.evo-games.com/frontend/evo/r2/#provider=evolution&ua_launch_id=17b8eb82928b045f2213f4a9&game=blackjack&table_id=nbjegfpahawangw7&app='

02-03-2024T15:53:28 - [MESSAGE][PASSED] - Current window's url is: 'https://ezugi.evo-games.com/frontend/evo/r2/#provider=evolution&ua_launch_id=17b8eb82928b045f2213f4a9&game=blackjack&table_id=nbjegfpahawangw7&app='

02-03-2024T15:53:28 - [TEST_STEP][PASSED] - println(title): null

02-03-2024T15:53:28 - [TEST_STEP][PASSED] - if (title.contains("notavailable")): null

02-03-2024T15:53:28 - [TEST_STEP][PASSED] - switchToWindowIndex(1): Switched to window with index: '1'

02-03-2024T15:53:28 - [MESSAGE][PASSED] - Switched to window with index: '1'

02-03-2024T15:53:28 - [TEST_STEP][PASSED] - closeWindowIndex(1): Window with index 1 is closed

02-03-2024T15:53:28 - [MESSAGE][PASSED] - Window with index 1 is closed

02-03-2024T15:53:28 - [TEST_STEP][PASSED] - switchToWindowIndex(0): Switched to window with index: '0'

02-03-2024T15:53:28 - [MESSAGE][PASSED] - Switched to window with index: '0'

02-03-2024T15:53:28 - [TEST_STEP][PASSED] - delay(2): Delayed 2 second(s)

02-03-2024T15:53:30 - [MESSAGE][PASSED] - Delayed 2 second(s)

02-03-2024T15:53:30 - [TEST_STEP][PASSED] - println(j): null

02-03-2024T15:53:30 - [TEST_STEP][PASSED] - playgame = allgames.get(j): null

02-03-2024T15:53:30 - [TEST_STEP][PASSED] - Object = convertWebElementToTestObject(playgame): null

02-03-2024T15:53:30 - [TEST_STEP][PASSED] - scrollToElement(Object, 10): Scroll to object '' successfully

02-03-2024T15:53:30 - [MESSAGE][PASSED] - Scroll to object '' successfully

02-03-2024T15:53:30 - [TEST_STEP][PASSED] - mouseOver(Object): Object: '' is hovered

02-03-2024T15:53:31 - [MESSAGE][PASSED] - Object: '' is hovered

02-03-2024T15:53:31 - [TEST_STEP][PASSED] - if (verifyElementClickable(Object)): null

02-03-2024T15:53:31 - [MESSAGE][PASSED] - Object '' is clickable

02-03-2024T15:53:31 - [TEST_STEP][PASSED] - playgame.click(): null

02-03-2024T15:53:31 - [TEST_STEP][PASSED] - delay(5): Delayed 5 second(s)

02-03-2024T15:53:36 - [MESSAGE][PASSED] - Delayed 5 second(s)

02-03-2024T15:53:36 - [TEST_STEP][PASSED] - switchToWindowIndex(1): Switched to window with index: '1'

02-03-2024T15:53:36 - [MESSAGE][PASSED] - Switched to window with index: '1'

02-03-2024T15:53:36 - [TEST_STEP][PASSED] - title = getUrl(): Current window's url is: 'https://ezugi.evo-games.com/frontend/evo/r2/#provider=evolution&ua_launch_id=17b8eb8458e901ecf17b75c0&game=blackjack&table_id=m6wzvco3xyladkvj&app='

02-03-2024T15:53:36 - [MESSAGE][PASSED] - Current window's url is: 'https://ezugi.evo-games.com/frontend/evo/r2/#provider=evolution&ua_launch_id=17b8eb8458e901ecf17b75c0&game=blackjack&table_id=m6wzvco3xyladkvj&app='

02-03-2024T15:53:36 - [TEST_STEP][PASSED] - println(title): null

02-03-2024T15:53:36 - [TEST_STEP][PASSED] - if (title.contains("notavailable")): null

02-03-2024T15:53:36 - [TEST_STEP][PASSED] - switchToWindowIndex(1): Switched to window with index: '1'

02-03-2024T15:53:36 - [MESSAGE][PASSED] - Switched to window with index: '1'

02-03-2024T15:53:36 - [TEST_STEP][PASSED] - closeWindowIndex(1): Window with index 1 is closed

02-03-2024T15:53:36 - [MESSAGE][PASSED] - Window with index 1 is closed

02-03-2024T15:53:36 - [TEST_STEP][PASSED] - switchToWindowIndex(0): Switched to window with index: '0'

02-03-2024T15:53:36 - [MESSAGE][PASSED] - Switched to window with index: '0'

02-03-2024T15:53:36 - [TEST_STEP][PASSED] - delay(2): Delayed 2 second(s)

02-03-2024T15:53:38 - [MESSAGE][PASSED] - Delayed 2 second(s)

02-03-2024T15:53:38 - [TEST_STEP][PASSED] - println(j): null

02-03-2024T15:53:38 - [TEST_STEP][PASSED] - playgame = allgames.get(j): null

02-03-2024T15:53:38 - [TEST_STEP][PASSED] - Object = convertWebElementToTestObject(playgame): null

02-03-2024T15:53:38 - [TEST_STEP][PASSED] - scrollToElement(Object, 10): Scroll to object '' successfully

02-03-2024T15:53:38 - [MESSAGE][PASSED] - Scroll to object '' successfully

02-03-2024T15:53:38 - [TEST_STEP][PASSED] - mouseOver(Object): Object: '' is hovered

02-03-2024T15:53:38 - [MESSAGE][PASSED] - Object: '' is hovered

02-03-2024T15:53:38 - [TEST_STEP][PASSED] - if (verifyElementClickable(Object)): null

02-03-2024T15:53:38 - [MESSAGE][PASSED] - Object '' is clickable

02-03-2024T15:53:38 - [TEST_STEP][PASSED] - playgame.click(): null

02-03-2024T15:53:38 - [TEST_STEP][PASSED] - delay(5): Delayed 5 second(s)

02-03-2024T15:53:43 - [MESSAGE][PASSED] - Delayed 5 second(s)

02-03-2024T15:53:43 - [TEST_STEP][PASSED] - switchToWindowIndex(1): Switched to window with index: '1'

02-03-2024T15:53:43 - [MESSAGE][PASSED] - Switched to window with index: '1'

02-03-2024T15:53:43 - [TEST_STEP][PASSED] - title = getUrl(): Current window's url is: 'https://ezugi.evo-games.com/frontend/evo/r2/#provider=evolution&ua_launch_id=17b8eb86358dbc8c872de851&game=blackjack&table_id=m6wzyzaoxyladkyv&app='

02-03-2024T15:53:43 - [MESSAGE][PASSED] - Current window's url is: 'https://ezugi.evo-games.com/frontend/evo/r2/#provider=evolution&ua_launch_id=17b8eb86358dbc8c872de851&game=blackjack&table_id=m6wzyzaoxyladkyv&app='

02-03-2024T15:53:43 - [TEST_STEP][PASSED] - println(title): null

02-03-2024T15:53:43 - [TEST_STEP][PASSED] - if (title.contains("notavailable")): null

02-03-2024T15:53:43 - [TEST_STEP][PASSED] - switchToWindowIndex(1): Switched to window with index: '1'

02-03-2024T15:53:43 - [MESSAGE][PASSED] - Switched to window with index: '1'

02-03-2024T15:53:43 - [TEST_STEP][PASSED] - closeWindowIndex(1): Window with index 1 is closed

02-03-2024T15:53:44 - [MESSAGE][PASSED] - Window with index 1 is closed

02-03-2024T15:53:44 - [TEST_STEP][PASSED] - switchToWindowIndex(0): Switched to window with index: '0'

02-03-2024T15:53:44 - [MESSAGE][PASSED] - Switched to window with index: '0'

02-03-2024T15:53:44 - [TEST_STEP][PASSED] - delay(2): Delayed 2 second(s)

02-03-2024T15:53:46 - [MESSAGE][PASSED] - Delayed 2 second(s)

02-03-2024T15:53:46 - [TEST_STEP][PASSED] - println(j): null

02-03-2024T15:53:46 - [TEST_STEP][PASSED] - playgame = allgames.get(j): null

02-03-2024T15:53:46 - [TEST_STEP][PASSED] - Object = convertWebElementToTestObject(playgame): null

02-03-2024T15:53:46 - [TEST_STEP][PASSED] - scrollToElement(Object, 10): Scroll to object '' successfully

02-03-2024T15:53:46 - [MESSAGE][PASSED] - Scroll to object '' successfully

02-03-2024T15:53:46 - [TEST_STEP][PASSED] - mouseOver(Object): Object: '' is hovered

02-03-2024T15:53:46 - [MESSAGE][PASSED] - Object: '' is hovered

02-03-2024T15:53:46 - [TEST_STEP][PASSED] - if (verifyElementClickable(Object)): null

02-03-2024T15:53:46 - [MESSAGE][PASSED] - Object '' is clickable

02-03-2024T15:53:46 - [TEST_STEP][PASSED] - playgame.click(): null

02-03-2024T15:53:46 - [TEST_STEP][PASSED] - delay(5): Delayed 5 second(s)

02-03-2024T15:53:51 - [MESSAGE][PASSED] - Delayed 5 second(s)

02-03-2024T15:53:51 - [TEST_STEP][FAILED] - switchToWindowIndex(1): Unable to switch to window with index: '1' (Root cause: com.kms.katalon.core.exception.StepFailedException: Unable to switch to window with index: '1'
	at com.kms.katalon.core.webui.keyword.internal.WebUIKeywordMain.stepFailed(WebUIKeywordMain.groovy:64)
	at com.kms.katalon.core.webui.keyword.internal.WebUIKeywordMain.runKeyword(WebUIKeywordMain.groovy:26)
	at com.kms.katalon.core.webui.keyword.builtin.SwitchToWindowIndexKeyword.switchToWindowIndex(SwitchToWindowIndexKeyword.groovy:85)
	at com.kms.katalon.core.webui.keyword.builtin.SwitchToWindowIndexKeyword.execute(SwitchToWindowIndexKeyword.groovy:67)
	at com.kms.katalon.core.keyword.internal.KeywordExecutor.executeKeywordForPlatform(KeywordExecutor.groovy:74)
	at com.kms.katalon.core.webui.keyword.WebUiBuiltInKeywords.switchToWindowIndex(WebUiBuiltInKeywords.groovy:1930)
	at Open game successful.run(Open game successful:89)
	at com.kms.katalon.core.main.ScriptEngine.run(ScriptEngine.java:194)
	at com.kms.katalon.core.main.ScriptEngine.runScriptAsRawText(ScriptEngine.java:119)
	at com.kms.katalon.core.main.TestCaseExecutor.runScript(TestCaseExecutor.java:448)
	at com.kms.katalon.core.main.TestCaseExecutor.doExecute(TestCaseExecutor.java:439)
	at com.kms.katalon.core.main.TestCaseExecutor.processExecutionPhase(TestCaseExecutor.java:418)
	at com.kms.katalon.core.main.TestCaseExecutor.accessMainPhase(TestCaseExecutor.java:410)
	at com.kms.katalon.core.main.TestCaseExecutor.execute(TestCaseExecutor.java:285)
	at com.kms.katalon.core.common.CommonExecutor.accessTestCaseMainPhase(CommonExecutor.java:65)
	at com.kms.katalon.core.main.TestSuiteExecutor.accessTestSuiteMainPhase(TestSuiteExecutor.java:148)
	at com.kms.katalon.core.main.TestSuiteExecutor.execute(TestSuiteExecutor.java:106)
	at com.kms.katalon.core.main.TestCaseMain.startTestSuite(TestCaseMain.java:180)
	at TempTestSuite1709374784367.run(TempTestSuite1709374784367.groovy:36)
	at java.base/jdk.internal.reflect.NativeMethodAccessorImpl.invoke0(Native Method)
	at java.base/jdk.internal.reflect.NativeMethodAccessorImpl.invoke(NativeMethodAccessorImpl.java:77)
	at java.base/jdk.internal.reflect.DelegatingMethodAccessorImpl.invoke(DelegatingMethodAccessorImpl.java:43)
Caused by: org.openqa.selenium.WebDriverException: disconnected: not connected to DevTools
  (failed to check if window was closed: disconnected: not connected to DevTools)
  (Session info: chrome=122.0.6261.95)
Build info: version: '3.141.59', revision: 'e82be7d358', time: '2018-11-14T08:25:53'
System info: host: 'LAPTOP-QCN9K3GM', ip: '192.168.50.151', os.name: 'Windows 11', os.arch: 'amd64', os.version: '10.0', java.version: '17.0.7'
Driver info: com.kms.katalon.selenium.driver.CChromeDriver
Capabilities {acceptInsecureCerts: false, browserName: chrome, browserVersion: 122.0.6261.95, chrome: {chromedriverVersion: 121.0.6167.85 (3f98d690ad7e..., userDataDir: C:\Users\MGOKUL~1\AppData\L...}, fedcm:accounts: true, goog:chromeOptions: {debuggerAddress: localhost:50896}, javascriptEnabled: true, networkConnectionEnabled: false, pageLoadStrategy: normal, platform: WINDOWS, platformName: WINDOWS, proxy: Proxy(), setWindowRect: true, strictFileInteractability: false, timeouts: {implicit: 0, pageLoad: 300000, script: 30000}, unhandledPromptBehavior: dismiss and notify, webauthn:extension:credBlob: true, webauthn:extension:largeBlob: true, webauthn:extension:minPinLength: true, webauthn:extension:prf: true, webauthn:virtualAuthenticators: true}
Session ID: 5ce8ea91aff19f74f42604cc1558ff96
	at java.base/jdk.internal.reflect.NativeConstructorAccessorImpl.newInstance0(Native Method)
	at java.base/jdk.internal.reflect.NativeConstructorAccessorImpl.newInstance(NativeConstructorAccessorImpl.java:77)
	at java.base/jdk.internal.reflect.DelegatingConstructorAccessorImpl.newInstance(DelegatingConstructorAccessorImpl.java:45)
	at org.openqa.selenium.remote.http.W3CHttpResponseCodec.createException(W3CHttpResponseCodec.java:187)
	at org.openqa.selenium.remote.http.W3CHttpResponseCodec.decode(W3CHttpResponseCodec.java:122)
	at org.openqa.selenium.remote.http.W3CHttpResponseCodec.decode(W3CHttpResponseCodec.java:49)
	at org.openqa.selenium.remote.HttpCommandExecutor.execute(HttpCommandExecutor.java:158)
	at org.openqa.selenium.remote.service.DriverCommandExecutor.execute(DriverCommandExecutor.java:83)
	at org.openqa.selenium.remote.RemoteWebDriver.execute(RemoteWebDriver.java:552)
	at com.kms.katalon.selenium.driver.CChromeDriver.execute(CChromeDriver.java:19)
	at org.openqa.selenium.remote.RemoteWebDriver.execute(RemoteWebDriver.java:609)
	at org.openqa.selenium.remote.RemoteWebDriver.getWindowHandles(RemoteWebDriver.java:460)
	at jdk.internal.reflect.GeneratedMethodAccessor9.invoke(Unknown Source)
	at java.base/jdk.internal.reflect.DelegatingMethodAccessorImpl.invoke(DelegatingMethodAccessorImpl.java:43)
	at org.openqa.selenium.support.events.EventFiringWebDriver.lambda$new$1(EventFiringWebDriver.java:105)
	at jdk.proxy2/jdk.proxy2.$Proxy23.getWindowHandles(Unknown Source)
	at org.openqa.selenium.support.events.EventFiringWebDriver.getWindowHandles(EventFiringWebDriver.java:216)
	at com.kms.katalon.core.webui.common.WebUiCommonHelper.switchToWindowUsingIndex(WebUiCommonHelper.java:174)
	at com.kms.katalon.core.webui.keyword.builtin.SwitchToWindowIndexKeyword$_switchToWindowIndex_closure1.doCall(SwitchToWindowIndexKeyword.groovy:79)
	at com.kms.katalon.core.webui.keyword.builtin.SwitchToWindowIndexKeyword$_switchToWindowIndex_closure1.call(SwitchToWindowIndexKeyword.groovy)
	at com.kms.katalon.core.webui.keyword.internal.WebUIKeywordMain.runKeyword(WebUIKeywordMain.groovy:20)
	at com.kms.katalon.core.webui.keyword.builtin.SwitchToWindowIndexKeyword.switchToWindowIndex(SwitchToWindowIndexKeyword.groovy:85)
	at com.kms.katalon.core.webui.keyword.builtin.SwitchToWindowIndexKeyword.execute(SwitchToWindowIndexKeyword.groovy:67)
	at com.kms.katalon.core.keyword.internal.KeywordExecutor.executeKeywordForPlatform(KeywordExecutor.groovy:74)
	at com.kms.katalon.core.webui.keyword.WebUiBuiltInKeywords.switchToWindowIndex(WebUiBuiltInKeywords.groovy:1930)
	at Script1708686779901.run(Script1708686779901.groovy:89)
	... 15 more
)

02-03-2024T15:53:51 - [MESSAGE][FAILED] - Unable to switch to window with index: '1' (Root cause: com.kms.katalon.core.exception.StepFailedException: Unable to switch to window with index: '1'
	at com.kms.katalon.core.webui.keyword.internal.WebUIKeywordMain.stepFailed(WebUIKeywordMain.groovy:64)
	at com.kms.katalon.core.webui.keyword.internal.WebUIKeywordMain.runKeyword(WebUIKeywordMain.groovy:26)
	at com.kms.katalon.core.webui.keyword.builtin.SwitchToWindowIndexKeyword.switchToWindowIndex(SwitchToWindowIndexKeyword.groovy:85)
	at com.kms.katalon.core.webui.keyword.builtin.SwitchToWindowIndexKeyword.execute(SwitchToWindowIndexKeyword.groovy:67)
	at com.kms.katalon.core.keyword.internal.KeywordExecutor.executeKeywordForPlatform(KeywordExecutor.groovy:74)
	at com.kms.katalon.core.webui.keyword.WebUiBuiltInKeywords.switchToWindowIndex(WebUiBuiltInKeywords.groovy:1930)
	at Open game successful.run(Open game successful:89)
	at com.kms.katalon.core.main.ScriptEngine.run(ScriptEngine.java:194)
	at com.kms.katalon.core.main.ScriptEngine.runScriptAsRawText(ScriptEngine.java:119)
	at com.kms.katalon.core.main.TestCaseExecutor.runScript(TestCaseExecutor.java:448)
	at com.kms.katalon.core.main.TestCaseExecutor.doExecute(TestCaseExecutor.java:439)
	at com.kms.katalon.core.main.TestCaseExecutor.processExecutionPhase(TestCaseExecutor.java:418)
	at com.kms.katalon.core.main.TestCaseExecutor.accessMainPhase(TestCaseExecutor.java:410)
	at com.kms.katalon.core.main.TestCaseExecutor.execute(TestCaseExecutor.java:285)
	at com.kms.katalon.core.common.CommonExecutor.accessTestCaseMainPhase(CommonExecutor.java:65)
	at com.kms.katalon.core.main.TestSuiteExecutor.accessTestSuiteMainPhase(TestSuiteExecutor.java:148)
	at com.kms.katalon.core.main.TestSuiteExecutor.execute(TestSuiteExecutor.java:106)
	at com.kms.katalon.core.main.TestCaseMain.startTestSuite(TestCaseMain.java:180)
	at TempTestSuite1709374784367.run(TempTestSuite1709374784367.groovy:36)
	at java.base/jdk.internal.reflect.NativeMethodAccessorImpl.invoke0(Native Method)
	at java.base/jdk.internal.reflect.NativeMethodAccessorImpl.invoke(NativeMethodAccessorImpl.java:77)
	at java.base/jdk.internal.reflect.DelegatingMethodAccessorImpl.invoke(DelegatingMethodAccessorImpl.java:43)
Caused by: org.openqa.selenium.WebDriverException: disconnected: not connected to DevTools
  (failed to check if window was closed: disconnected: not connected to DevTools)
  (Session info: chrome=122.0.6261.95)
Build info: version: '3.141.59', revision: 'e82be7d358', time: '2018-11-14T08:25:53'
System info: host: 'LAPTOP-QCN9K3GM', ip: '192.168.50.151', os.name: 'Windows 11', os.arch: 'amd64', os.version: '10.0', java.version: '17.0.7'
Driver info: com.kms.katalon.selenium.driver.CChromeDriver
Capabilities {acceptInsecureCerts: false, browserName: chrome, browserVersion: 122.0.6261.95, chrome: {chromedriverVersion: 121.0.6167.85 (3f98d690ad7e..., userDataDir: C:\Users\MGOKUL~1\AppData\L...}, fedcm:accounts: true, goog:chromeOptions: {debuggerAddress: localhost:50896}, javascriptEnabled: true, networkConnectionEnabled: false, pageLoadStrategy: normal, platform: WINDOWS, platformName: WINDOWS, proxy: Proxy(), setWindowRect: true, strictFileInteractability: false, timeouts: {implicit: 0, pageLoad: 300000, script: 30000}, unhandledPromptBehavior: dismiss and notify, webauthn:extension:credBlob: true, webauthn:extension:largeBlob: true, webauthn:extension:minPinLength: true, webauthn:extension:prf: true, webauthn:virtualAuthenticators: true}
Session ID: 5ce8ea91aff19f74f42604cc1558ff96
	at java.base/jdk.internal.reflect.NativeConstructorAccessorImpl.newInstance0(Native Method)
	at java.base/jdk.internal.reflect.NativeConstructorAccessorImpl.newInstance(NativeConstructorAccessorImpl.java:77)
	at java.base/jdk.internal.reflect.DelegatingConstructorAccessorImpl.newInstance(DelegatingConstructorAccessorImpl.java:45)
	at org.openqa.selenium.remote.http.W3CHttpResponseCodec.createException(W3CHttpResponseCodec.java:187)
	at org.openqa.selenium.remote.http.W3CHttpResponseCodec.decode(W3CHttpResponseCodec.java:122)
	at org.openqa.selenium.remote.http.W3CHttpResponseCodec.decode(W3CHttpResponseCodec.java:49)
	at org.openqa.selenium.remote.HttpCommandExecutor.execute(HttpCommandExecutor.java:158)
	at org.openqa.selenium.remote.service.DriverCommandExecutor.execute(DriverCommandExecutor.java:83)
	at org.openqa.selenium.remote.RemoteWebDriver.execute(RemoteWebDriver.java:552)
	at com.kms.katalon.selenium.driver.CChromeDriver.execute(CChromeDriver.java:19)
	at org.openqa.selenium.remote.RemoteWebDriver.execute(RemoteWebDriver.java:609)
	at org.openqa.selenium.remote.RemoteWebDriver.getWindowHandles(RemoteWebDriver.java:460)
	at jdk.internal.reflect.GeneratedMethodAccessor9.invoke(Unknown Source)
	at java.base/jdk.internal.reflect.DelegatingMethodAccessorImpl.invoke(DelegatingMethodAccessorImpl.java:43)
	at org.openqa.selenium.support.events.EventFiringWebDriver.lambda$new$1(EventFiringWebDriver.java:105)
	at jdk.proxy2/jdk.proxy2.$Proxy23.getWindowHandles(Unknown Source)
	at org.openqa.selenium.support.events.EventFiringWebDriver.getWindowHandles(EventFiringWebDriver.java:216)
	at com.kms.katalon.core.webui.common.WebUiCommonHelper.switchToWindowUsingIndex(WebUiCommonHelper.java:174)
	at com.kms.katalon.core.webui.keyword.builtin.SwitchToWindowIndexKeyword$_switchToWindowIndex_closure1.doCall(SwitchToWindowIndexKeyword.groovy:79)
	at com.kms.katalon.core.webui.keyword.builtin.SwitchToWindowIndexKeyword$_switchToWindowIndex_closure1.call(SwitchToWindowIndexKeyword.groovy)
	at com.kms.katalon.core.webui.keyword.internal.WebUIKeywordMain.runKeyword(WebUIKeywordMain.groovy:20)
	at com.kms.katalon.core.webui.keyword.builtin.SwitchToWindowIndexKeyword.switchToWindowIndex(SwitchToWindowIndexKeyword.groovy:85)
	at com.kms.katalon.core.webui.keyword.builtin.SwitchToWindowIndexKeyword.execute(SwitchToWindowIndexKeyword.groovy:67)
	at com.kms.katalon.core.keyword.internal.KeywordExecutor.executeKeywordForPlatform(KeywordExecutor.groovy:74)
	at com.kms.katalon.core.webui.keyword.WebUiBuiltInKeywords.switchToWindowIndex(WebUiBuiltInKeywords.groovy:1930)
	at Script1708686779901.run(Script1708686779901.groovy:89)
	... 15 more
)]]></system-out>
         <system-err><![CDATA[02-03-2024T15:49:46 - [TEST_CASE][FAILED] - Test Cases/Casino/Open game successful: Test Cases/Casino/Open game successful FAILED.
Reason:
com.kms.katalon.core.exception.StepFailedException: Unable to switch to window with index: '1'
	at com.kms.katalon.core.webui.keyword.internal.WebUIKeywordMain.stepFailed(WebUIKeywordMain.groovy:64)
	at com.kms.katalon.core.webui.keyword.internal.WebUIKeywordMain.runKeyword(WebUIKeywordMain.groovy:26)
	at com.kms.katalon.core.webui.keyword.builtin.SwitchToWindowIndexKeyword.switchToWindowIndex(SwitchToWindowIndexKeyword.groovy:85)
	at com.kms.katalon.core.webui.keyword.builtin.SwitchToWindowIndexKeyword.execute(SwitchToWindowIndexKeyword.groovy:67)
	at com.kms.katalon.core.keyword.internal.KeywordExecutor.executeKeywordForPlatform(KeywordExecutor.groovy:74)
	at com.kms.katalon.core.webui.keyword.WebUiBuiltInKeywords.switchToWindowIndex(WebUiBuiltInKeywords.groovy:1930)
	at Open game successful.run(Open game successful:89)
	at com.kms.katalon.core.main.ScriptEngine.run(ScriptEngine.java:194)
	at com.kms.katalon.core.main.ScriptEngine.runScriptAsRawText(ScriptEngine.java:119)
	at com.kms.katalon.core.main.TestCaseExecutor.runScript(TestCaseExecutor.java:448)
	at com.kms.katalon.core.main.TestCaseExecutor.doExecute(TestCaseExecutor.java:439)
	at com.kms.katalon.core.main.TestCaseExecutor.processExecutionPhase(TestCaseExecutor.java:418)
	at com.kms.katalon.core.main.TestCaseExecutor.accessMainPhase(TestCaseExecutor.java:410)
	at com.kms.katalon.core.main.TestCaseExecutor.execute(TestCaseExecutor.java:285)
	at com.kms.katalon.core.common.CommonExecutor.accessTestCaseMainPhase(CommonExecutor.java:65)
	at com.kms.katalon.core.main.TestSuiteExecutor.accessTestSuiteMainPhase(TestSuiteExecutor.java:148)
	at com.kms.katalon.core.main.TestSuiteExecutor.execute(TestSuiteExecutor.java:106)
	at com.kms.katalon.core.main.TestCaseMain.startTestSuite(TestCaseMain.java:180)
	at TempTestSuite1709374784367.run(TempTestSuite1709374784367.groovy:36)
	at java.base/jdk.internal.reflect.NativeMethodAccessorImpl.invoke0(Native Method)
	at java.base/jdk.internal.reflect.NativeMethodAccessorImpl.invoke(NativeMethodAccessorImpl.java:77)
	at java.base/jdk.internal.reflect.DelegatingMethodAccessorImpl.invoke(DelegatingMethodAccessorImpl.java:43)
Caused by: org.openqa.selenium.WebDriverException: disconnected: not connected to DevTools
  (failed to check if window was closed: disconnected: not connected to DevTools)
  (Session info: chrome=122.0.6261.95)
Build info: version: '3.141.59', revision: 'e82be7d358', time: '2018-11-14T08:25:53'
System info: host: 'LAPTOP-QCN9K3GM', ip: '192.168.50.151', os.name: 'Windows 11', os.arch: 'amd64', os.version: '10.0', java.version: '17.0.7'
Driver info: com.kms.katalon.selenium.driver.CChromeDriver
Capabilities {acceptInsecureCerts: false, browserName: chrome, browserVersion: 122.0.6261.95, chrome: {chromedriverVersion: 121.0.6167.85 (3f98d690ad7e..., userDataDir: C:\Users\MGOKUL~1\AppData\L...}, fedcm:accounts: true, goog:chromeOptions: {debuggerAddress: localhost:50896}, javascriptEnabled: true, networkConnectionEnabled: false, pageLoadStrategy: normal, platform: WINDOWS, platformName: WINDOWS, proxy: Proxy(), setWindowRect: true, strictFileInteractability: false, timeouts: {implicit: 0, pageLoad: 300000, script: 30000}, unhandledPromptBehavior: dismiss and notify, webauthn:extension:credBlob: true, webauthn:extension:largeBlob: true, webauthn:extension:minPinLength: true, webauthn:extension:prf: true, webauthn:virtualAuthenticators: true}
Session ID: 5ce8ea91aff19f74f42604cc1558ff96
	at java.base/jdk.internal.reflect.NativeConstructorAccessorImpl.newInstance0(Native Method)
	at java.base/jdk.internal.reflect.NativeConstructorAccessorImpl.newInstance(NativeConstructorAccessorImpl.java:77)
	at java.base/jdk.internal.reflect.DelegatingConstructorAccessorImpl.newInstance(DelegatingConstructorAccessorImpl.java:45)
	at org.openqa.selenium.remote.http.W3CHttpResponseCodec.createException(W3CHttpResponseCodec.java:187)
	at org.openqa.selenium.remote.http.W3CHttpResponseCodec.decode(W3CHttpResponseCodec.java:122)
	at org.openqa.selenium.remote.http.W3CHttpResponseCodec.decode(W3CHttpResponseCodec.java:49)
	at org.openqa.selenium.remote.HttpCommandExecutor.execute(HttpCommandExecutor.java:158)
	at org.openqa.selenium.remote.service.DriverCommandExecutor.execute(DriverCommandExecutor.java:83)
	at org.openqa.selenium.remote.RemoteWebDriver.execute(RemoteWebDriver.java:552)
	at com.kms.katalon.selenium.driver.CChromeDriver.execute(CChromeDriver.java:19)
	at org.openqa.selenium.remote.RemoteWebDriver.execute(RemoteWebDriver.java:609)
	at org.openqa.selenium.remote.RemoteWebDriver.getWindowHandles(RemoteWebDriver.java:460)
	at jdk.internal.reflect.GeneratedMethodAccessor9.invoke(Unknown Source)
	at java.base/jdk.internal.reflect.DelegatingMethodAccessorImpl.invoke(DelegatingMethodAccessorImpl.java:43)
	at org.openqa.selenium.support.events.EventFiringWebDriver.lambda$new$1(EventFiringWebDriver.java:105)
	at jdk.proxy2/jdk.proxy2.$Proxy23.getWindowHandles(Unknown Source)
	at org.openqa.selenium.support.events.EventFiringWebDriver.getWindowHandles(EventFiringWebDriver.java:216)
	at com.kms.katalon.core.webui.common.WebUiCommonHelper.switchToWindowUsingIndex(WebUiCommonHelper.java:174)
	at com.kms.katalon.core.webui.keyword.builtin.SwitchToWindowIndexKeyword$_switchToWindowIndex_closure1.doCall(SwitchToWindowIndexKeyword.groovy:79)
	at com.kms.katalon.core.webui.keyword.builtin.SwitchToWindowIndexKeyword$_switchToWindowIndex_closure1.call(SwitchToWindowIndexKeyword.groovy)
	at com.kms.katalon.core.webui.keyword.internal.WebUIKeywordMain.runKeyword(WebUIKeywordMain.groovy:20)
	... 20 more]]></system-err>
      </testcase>
      <system-out><![CDATA[02-03-2024T15:49:46 - [TEST_SUITE][FAILED] - Casino: Test Cases/Casino/Open game successful FAILED.
Reason:
com.kms.katalon.core.exception.StepFailedException: Unable to switch to window with index: '1'
	at com.kms.katalon.core.webui.keyword.internal.WebUIKeywordMain.stepFailed(WebUIKeywordMain.groovy:64)
	at com.kms.katalon.core.webui.keyword.internal.WebUIKeywordMain.runKeyword(WebUIKeywordMain.groovy:26)
	at com.kms.katalon.core.webui.keyword.builtin.SwitchToWindowIndexKeyword.switchToWindowIndex(SwitchToWindowIndexKeyword.groovy:85)
	at com.kms.katalon.core.webui.keyword.builtin.SwitchToWindowIndexKeyword.execute(SwitchToWindowIndexKeyword.groovy:67)
	at com.kms.katalon.core.keyword.internal.KeywordExecutor.executeKeywordForPlatform(KeywordExecutor.groovy:74)
	at com.kms.katalon.core.webui.keyword.WebUiBuiltInKeywords.switchToWindowIndex(WebUiBuiltInKeywords.groovy:1930)
	at Open game successful.run(Open game successful:89)
	at com.kms.katalon.core.main.ScriptEngine.run(ScriptEngine.java:194)
	at com.kms.katalon.core.main.ScriptEngine.runScriptAsRawText(ScriptEngine.java:119)
	at com.kms.katalon.core.main.TestCaseExecutor.runScript(TestCaseExecutor.java:448)
	at com.kms.katalon.core.main.TestCaseExecutor.doExecute(TestCaseExecutor.java:439)
	at com.kms.katalon.core.main.TestCaseExecutor.processExecutionPhase(TestCaseExecutor.java:418)
	at com.kms.katalon.core.main.TestCaseExecutor.accessMainPhase(TestCaseExecutor.java:410)
	at com.kms.katalon.core.main.TestCaseExecutor.execute(TestCaseExecutor.java:285)
	at com.kms.katalon.core.common.CommonExecutor.accessTestCaseMainPhase(CommonExecutor.java:65)
	at com.kms.katalon.core.main.TestSuiteExecutor.accessTestSuiteMainPhase(TestSuiteExecutor.java:148)
	at com.kms.katalon.core.main.TestSuiteExecutor.execute(TestSuiteExecutor.java:106)
	at com.kms.katalon.core.main.TestCaseMain.startTestSuite(TestCaseMain.java:180)
	at TempTestSuite1709374784367.run(TempTestSuite1709374784367.groovy:36)
	at java.base/jdk.internal.reflect.NativeMethodAccessorImpl.invoke0(Native Method)
	at java.base/jdk.internal.reflect.NativeMethodAccessorImpl.invoke(NativeMethodAccessorImpl.java:77)
	at java.base/jdk.internal.reflect.DelegatingMethodAccessorImpl.invoke(DelegatingMethodAccessorImpl.java:43)
Caused by: org.openqa.selenium.WebDriverException: disconnected: not connected to DevTools
  (failed to check if window was closed: disconnected: not connected to DevTools)
  (Session info: chrome=122.0.6261.95)
Build info: version: '3.141.59', revision: 'e82be7d358', time: '2018-11-14T08:25:53'
System info: host: 'LAPTOP-QCN9K3GM', ip: '192.168.50.151', os.name: 'Windows 11', os.arch: 'amd64', os.version: '10.0', java.version: '17.0.7'
Driver info: com.kms.katalon.selenium.driver.CChromeDriver
Capabilities {acceptInsecureCerts: false, browserName: chrome, browserVersion: 122.0.6261.95, chrome: {chromedriverVersion: 121.0.6167.85 (3f98d690ad7e..., userDataDir: C:\Users\MGOKUL~1\AppData\L...}, fedcm:accounts: true, goog:chromeOptions: {debuggerAddress: localhost:50896}, javascriptEnabled: true, networkConnectionEnabled: false, pageLoadStrategy: normal, platform: WINDOWS, platformName: WINDOWS, proxy: Proxy(), setWindowRect: true, strictFileInteractability: false, timeouts: {implicit: 0, pageLoad: 300000, script: 30000}, unhandledPromptBehavior: dismiss and notify, webauthn:extension:credBlob: true, webauthn:extension:largeBlob: true, webauthn:extension:minPinLength: true, webauthn:extension:prf: true, webauthn:virtualAuthenticators: true}
Session ID: 5ce8ea91aff19f74f42604cc1558ff96
	at java.base/jdk.internal.reflect.NativeConstructorAccessorImpl.newInstance0(Native Method)
	at java.base/jdk.internal.reflect.NativeConstructorAccessorImpl.newInstance(NativeConstructorAccessorImpl.java:77)
	at java.base/jdk.internal.reflect.DelegatingConstructorAccessorImpl.newInstance(DelegatingConstructorAccessorImpl.java:45)
	at org.openqa.selenium.remote.http.W3CHttpResponseCodec.createException(W3CHttpResponseCodec.java:187)
	at org.openqa.selenium.remote.http.W3CHttpResponseCodec.decode(W3CHttpResponseCodec.java:122)
	at org.openqa.selenium.remote.http.W3CHttpResponseCodec.decode(W3CHttpResponseCodec.java:49)
	at org.openqa.selenium.remote.HttpCommandExecutor.execute(HttpCommandExecutor.java:158)
	at org.openqa.selenium.remote.service.DriverCommandExecutor.execute(DriverCommandExecutor.java:83)
	at org.openqa.selenium.remote.RemoteWebDriver.execute(RemoteWebDriver.java:552)
	at com.kms.katalon.selenium.driver.CChromeDriver.execute(CChromeDriver.java:19)
	at org.openqa.selenium.remote.RemoteWebDriver.execute(RemoteWebDriver.java:609)
	at org.openqa.selenium.remote.RemoteWebDriver.getWindowHandles(RemoteWebDriver.java:460)
	at jdk.internal.reflect.GeneratedMethodAccessor9.invoke(Unknown Source)
	at java.base/jdk.internal.reflect.DelegatingMethodAccessorImpl.invoke(DelegatingMethodAccessorImpl.java:43)
	at org.openqa.selenium.support.events.EventFiringWebDriver.lambda$new$1(EventFiringWebDriver.java:105)
	at jdk.proxy2/jdk.proxy2.$Proxy23.getWindowHandles(Unknown Source)
	at org.openqa.selenium.support.events.EventFiringWebDriver.getWindowHandles(EventFiringWebDriver.java:216)
	at com.kms.katalon.core.webui.common.WebUiCommonHelper.switchToWindowUsingIndex(WebUiCommonHelper.java:174)
	at com.kms.katalon.core.webui.keyword.builtin.SwitchToWindowIndexKeyword$_switchToWindowIndex_closure1.doCall(SwitchToWindowIndexKeyword.groovy:79)
	at com.kms.katalon.core.webui.keyword.builtin.SwitchToWindowIndexKeyword$_switchToWindowIndex_closure1.call(SwitchToWindowIndexKeyword.groovy)
	at com.kms.katalon.core.webui.keyword.internal.WebUIKeywordMain.runKeyword(WebUIKeywordMain.groovy:20)
	... 20 more]]></system-out>
      <system-err><![CDATA[02-03-2024T15:49:46 - [TEST_SUITE][FAILED] - Casino: Test Cases/Casino/Open game successful FAILED.
Reason:
com.kms.katalon.core.exception.StepFailedException: Unable to switch to window with index: '1'
	at com.kms.katalon.core.webui.keyword.internal.WebUIKeywordMain.stepFailed(WebUIKeywordMain.groovy:64)
	at com.kms.katalon.core.webui.keyword.internal.WebUIKeywordMain.runKeyword(WebUIKeywordMain.groovy:26)
	at com.kms.katalon.core.webui.keyword.builtin.SwitchToWindowIndexKeyword.switchToWindowIndex(SwitchToWindowIndexKeyword.groovy:85)
	at com.kms.katalon.core.webui.keyword.builtin.SwitchToWindowIndexKeyword.execute(SwitchToWindowIndexKeyword.groovy:67)
	at com.kms.katalon.core.keyword.internal.KeywordExecutor.executeKeywordForPlatform(KeywordExecutor.groovy:74)
	at com.kms.katalon.core.webui.keyword.WebUiBuiltInKeywords.switchToWindowIndex(WebUiBuiltInKeywords.groovy:1930)
	at Open game successful.run(Open game successful:89)
	at com.kms.katalon.core.main.ScriptEngine.run(ScriptEngine.java:194)
	at com.kms.katalon.core.main.ScriptEngine.runScriptAsRawText(ScriptEngine.java:119)
	at com.kms.katalon.core.main.TestCaseExecutor.runScript(TestCaseExecutor.java:448)
	at com.kms.katalon.core.main.TestCaseExecutor.doExecute(TestCaseExecutor.java:439)
	at com.kms.katalon.core.main.TestCaseExecutor.processExecutionPhase(TestCaseExecutor.java:418)
	at com.kms.katalon.core.main.TestCaseExecutor.accessMainPhase(TestCaseExecutor.java:410)
	at com.kms.katalon.core.main.TestCaseExecutor.execute(TestCaseExecutor.java:285)
	at com.kms.katalon.core.common.CommonExecutor.accessTestCaseMainPhase(CommonExecutor.java:65)
	at com.kms.katalon.core.main.TestSuiteExecutor.accessTestSuiteMainPhase(TestSuiteExecutor.java:148)
	at com.kms.katalon.core.main.TestSuiteExecutor.execute(TestSuiteExecutor.java:106)
	at com.kms.katalon.core.main.TestCaseMain.startTestSuite(TestCaseMain.java:180)
	at TempTestSuite1709374784367.run(TempTestSuite1709374784367.groovy:36)
	at java.base/jdk.internal.reflect.NativeMethodAccessorImpl.invoke0(Native Method)
	at java.base/jdk.internal.reflect.NativeMethodAccessorImpl.invoke(NativeMethodAccessorImpl.java:77)
	at java.base/jdk.internal.reflect.DelegatingMethodAccessorImpl.invoke(DelegatingMethodAccessorImpl.java:43)
Caused by: org.openqa.selenium.WebDriverException: disconnected: not connected to DevTools
  (failed to check if window was closed: disconnected: not connected to DevTools)
  (Session info: chrome=122.0.6261.95)
Build info: version: '3.141.59', revision: 'e82be7d358', time: '2018-11-14T08:25:53'
System info: host: 'LAPTOP-QCN9K3GM', ip: '192.168.50.151', os.name: 'Windows 11', os.arch: 'amd64', os.version: '10.0', java.version: '17.0.7'
Driver info: com.kms.katalon.selenium.driver.CChromeDriver
Capabilities {acceptInsecureCerts: false, browserName: chrome, browserVersion: 122.0.6261.95, chrome: {chromedriverVersion: 121.0.6167.85 (3f98d690ad7e..., userDataDir: C:\Users\MGOKUL~1\AppData\L...}, fedcm:accounts: true, goog:chromeOptions: {debuggerAddress: localhost:50896}, javascriptEnabled: true, networkConnectionEnabled: false, pageLoadStrategy: normal, platform: WINDOWS, platformName: WINDOWS, proxy: Proxy(), setWindowRect: true, strictFileInteractability: false, timeouts: {implicit: 0, pageLoad: 300000, script: 30000}, unhandledPromptBehavior: dismiss and notify, webauthn:extension:credBlob: true, webauthn:extension:largeBlob: true, webauthn:extension:minPinLength: true, webauthn:extension:prf: true, webauthn:virtualAuthenticators: true}
Session ID: 5ce8ea91aff19f74f42604cc1558ff96
	at java.base/jdk.internal.reflect.NativeConstructorAccessorImpl.newInstance0(Native Method)
	at java.base/jdk.internal.reflect.NativeConstructorAccessorImpl.newInstance(NativeConstructorAccessorImpl.java:77)
	at java.base/jdk.internal.reflect.DelegatingConstructorAccessorImpl.newInstance(DelegatingConstructorAccessorImpl.java:45)
	at org.openqa.selenium.remote.http.W3CHttpResponseCodec.createException(W3CHttpResponseCodec.java:187)
	at org.openqa.selenium.remote.http.W3CHttpResponseCodec.decode(W3CHttpResponseCodec.java:122)
	at org.openqa.selenium.remote.http.W3CHttpResponseCodec.decode(W3CHttpResponseCodec.java:49)
	at org.openqa.selenium.remote.HttpCommandExecutor.execute(HttpCommandExecutor.java:158)
	at org.openqa.selenium.remote.service.DriverCommandExecutor.execute(DriverCommandExecutor.java:83)
	at org.openqa.selenium.remote.RemoteWebDriver.execute(RemoteWebDriver.java:552)
	at com.kms.katalon.selenium.driver.CChromeDriver.execute(CChromeDriver.java:19)
	at org.openqa.selenium.remote.RemoteWebDriver.execute(RemoteWebDriver.java:609)
	at org.openqa.selenium.remote.RemoteWebDriver.getWindowHandles(RemoteWebDriver.java:460)
	at jdk.internal.reflect.GeneratedMethodAccessor9.invoke(Unknown Source)
	at java.base/jdk.internal.reflect.DelegatingMethodAccessorImpl.invoke(DelegatingMethodAccessorImpl.java:43)
	at org.openqa.selenium.support.events.EventFiringWebDriver.lambda$new$1(EventFiringWebDriver.java:105)
	at jdk.proxy2/jdk.proxy2.$Proxy23.getWindowHandles(Unknown Source)
	at org.openqa.selenium.support.events.EventFiringWebDriver.getWindowHandles(EventFiringWebDriver.java:216)
	at com.kms.katalon.core.webui.common.WebUiCommonHelper.switchToWindowUsingIndex(WebUiCommonHelper.java:174)
	at com.kms.katalon.core.webui.keyword.builtin.SwitchToWindowIndexKeyword$_switchToWindowIndex_closure1.doCall(SwitchToWindowIndexKeyword.groovy:79)
	at com.kms.katalon.core.webui.keyword.builtin.SwitchToWindowIndexKeyword$_switchToWindowIndex_closure1.call(SwitchToWindowIndexKeyword.groovy)
	at com.kms.katalon.core.webui.keyword.internal.WebUIKeywordMain.runKeyword(WebUIKeywordMain.groovy:20)
	... 20 more]]></system-err>
   </testsuite>
</testsuites>
